<?xml version="1.0" encoding="UTF-8" ?>
<testsuites name="vitest tests" tests="5" failures="0" errors="0" time="0.023794556">
    <testsuite name="src/__tests__/simple.test.ts" timestamp="2025-06-24T20:38:24.225Z" hostname="MacBookPro.attlocal.net" tests="5" failures="0" errors="0" skipped="0" time="0.023794556">
        <testcase classname="src/__tests__/simple.test.ts" name="Simple Test &gt; should pass basic assertion" time="0.003705082">
        </testcase>
        <testcase classname="src/__tests__/simple.test.ts" name="Simple Test &gt; should handle string operations" time="0.000457512">
        </testcase>
        <testcase classname="src/__tests__/simple.test.ts" name="Simple Test &gt; should work with arrays" time="0.001578069">
        </testcase>
        <testcase classname="src/__tests__/simple.test.ts" name="Simple Test &gt; should work with objects" time="0.000662752">
        </testcase>
        <testcase classname="src/__tests__/simple.test.ts" name="Simple Test &gt; should handle async operations" time="0.011756574">
        </testcase>
    </testsuite>
</testsuites>
